<?xml version="1.0" encoding="UTF-8"?>
<testng-results ignored="0" total="2" passed="2" failed="0" skipped="0">
  <reporter-output>
  </reporter-output>
  <suite started-at="2023-03-22T05:51:47 IST" name="Default suite" finished-at="2023-03-22T05:51:48 IST" duration-ms="1223">
    <groups>
    </groups>
    <test started-at="2023-03-22T05:51:47 IST" name="Default test" finished-at="2023-03-22T05:51:48 IST" duration-ms="1223">
      <class name="DynamicJson">
        <test-method signature="addBooks(java.lang.String, java.lang.String, java.lang.String)[pri:0, instance:DynamicJson@6973bf95]" started-at="2023-03-22T05:51:47 IST" name="addBooks" data-provider="ravu" finished-at="2023-03-22T05:51:48 IST" duration-ms="1100" status="PASS">
          <params>
            <param index="0">
              <value>
                <![CDATA[sed]]>
              </value>
            </param>
            <param index="1">
              <value>
                <![CDATA[45]]>
              </value>
            </param>
            <param index="2">
              <value>
                <![CDATA[fgd]]>
              </value>
            </param>
          </params>
          <reporter-output>
          </reporter-output>
        </test-method> <!-- addBooks -->
        <test-method signature="addBooks(java.lang.String, java.lang.String, java.lang.String)[pri:0, instance:DynamicJson@6973bf95]" started-at="2023-03-22T05:51:48 IST" name="addBooks" data-provider="ravu" finished-at="2023-03-22T05:51:48 IST" duration-ms="96" status="PASS">
          <params>
            <param index="0">
              <value>
                <![CDATA[sdd]]>
              </value>
            </param>
            <param index="1">
              <value>
                <![CDATA[232]]>
              </value>
            </param>
            <param index="2">
              <value>
                <![CDATA[fsgg]]>
              </value>
            </param>
          </params>
          <reporter-output>
          </reporter-output>
        </test-method> <!-- addBooks -->
      </class> <!-- DynamicJson -->
    </test> <!-- Default test -->
  </suite> <!-- Default suite -->
</testng-results>
